<?xml version="1.0" encoding="UTF-8"?>
<!-- Generated by org.testng.reporters.JUnitXMLReporter -->
<testsuite ignored="0" hostname="DESKTOP-SBJ8DN3" failures="0" tests="3" name="Test" time="0.248" errors="0" timestamp="2022-12-24T13:37:15 IST">
  <testcase classname="com.aiite.jenkins.BrowserSetUp" name="@BeforeMethod browserSelection" time="0.018">
    <failure type="java.lang.NullPointerException" message="Cannot invoke &amp;quot;String.equalsIgnoreCase(String)&amp;quot; because the return value of &amp;quot;java.lang.System.getProperty(String)&amp;quot; is null">
      <![CDATA[java.lang.NullPointerException: Cannot invoke "String.equalsIgnoreCase(String)" because the return value of "java.lang.System.getProperty(String)" is null
at com.aiite.jenkins.BrowserSetUp.browserSelection(BrowserSetUp.java:28)
at java.base/java.util.ArrayList.forEach(ArrayList.java:1511)
... Removed 31 stack frames]]>
    </failure>
  </testcase> <!-- @BeforeMethod browserSelection -->
  <testcase classname="com.aiite.jenkins.BrowserSetUp" name="@AfterMethod browserClose" time="-1.671869234876E9">
    <skipped/>
  </testcase> <!-- @AfterMethod browserClose -->
  <testcase classname="com.aiite.jenkins.BrowserSetUp" name="@BeforeMethod browserSelection" time="-1.671869234884E9">
    <skipped/>
  </testcase> <!-- @BeforeMethod browserSelection -->
  <testcase classname="com.aiite.jenkins.BrowserSetUp" name="@AfterMethod browserClose" time="-1.671869234904E9">
    <skipped/>
  </testcase> <!-- @AfterMethod browserClose -->
  <testcase classname="com.aiite.jenkins.BrowserSetUp" name="@BeforeMethod browserSelection" time="-1.671869234909E9">
    <skipped/>
  </testcase> <!-- @BeforeMethod browserSelection -->
  <testcase classname="com.aiite.jenkins.BrowserSetUp" name="@AfterMethod browserClose" time="-1.671869234921E9">
    <skipped/>
  </testcase> <!-- @AfterMethod browserClose -->
  <testcase classname="com.aiite.jenkinstest.TestCases" name="testCase1" time="0.0">
    <skipped/>
  </testcase> <!-- testCase1 -->
  <testcase classname="com.aiite.jenkinstest.TestCases" name="testCase2" time="0.0">
    <skipped/>
  </testcase> <!-- testCase2 -->
  <testcase classname="com.aiite.jenkinstest.TestCases" name="testCase3" time="0.0">
    <skipped/>
  </testcase> <!-- testCase3 -->
</testsuite> <!-- Test -->
